<?xml version="1.0" encoding="UTF-8"?>
<!-- Generated by org.testng.reporters.JUnitReportReporter -->
<testsuite hostname="WINDOWS-N0Q5TOC" failures="0" tests="3" name="integration.NegativeParameterisedTest" time="51.662" errors="0" timestamp="2023-10-19T19:54:20 EDT" skipped="0">
  <testcase classname="integration.NegativeParameterisedTest" name="loginWithIncorrectPasswordTest" time="14.359"/>
  <system-out/>
  <testcase classname="integration.NegativeParameterisedTest" name="loginWithIncorrectPasswordTest" time="20.950"/>
  <system-out/>
  <testcase classname="integration.NegativeParameterisedTest" name="loginWithIncorrectPasswordTest" time="16.353"/>
  <system-out/>
</testsuite> <!-- integration.NegativeParameterisedTest -->
